2020-09-25 11:14:43,350 [INFO] Activator:176 - 


2020-09-25 11:14:43,354 [INFO] Activator:177 - !SESSION log4j initialized
2020-09-25 18:49:36,848 [INFO] Activator:176 - 


2020-09-25 18:49:36,851 [INFO] Activator:177 - !SESSION log4j initialized
2020-10-02 09:30:55,137 [INFO] Activator:176 - 


2020-10-02 09:30:55,153 [INFO] Activator:177 - !SESSION log4j initialized
2020-10-03 23:11:27,721 [INFO] Activator:176 - 


2020-10-03 23:11:27,724 [INFO] Activator:177 - !SESSION log4j initialized
2020-10-05 16:13:12,587 [INFO] Activator:176 - 


2020-10-05 16:13:12,590 [INFO] Activator:177 - !SESSION log4j initialized
2020-10-09 09:29:55,232 [INFO] Activator:176 - 


2020-10-09 09:29:55,236 [INFO] Activator:177 - !SESSION log4j initialized
2020-10-10 00:46:50,766 [INFO] Activator:176 - 


2020-10-10 00:46:50,769 [INFO] Activator:177 - !SESSION log4j initialized
2020-10-14 21:07:05,069 [INFO] Activator:176 - 


2020-10-14 21:07:05,072 [INFO] Activator:177 - !SESSION log4j initialized
2020-10-14 21:47:40,534 [INFO] Activator:176 - 


2020-10-14 21:47:40,536 [INFO] Activator:177 - !SESSION log4j initialized
2020-10-14 21:48:17,843 [ERROR] LogOutputStream:74 - [STDERR_REDIRECT] 2020-10-14 21:48:17.837:INFO::Start Help Server: Logging initialized @43241ms to org.eclipse.jetty.util.log.StdErrLog
2020-10-14 21:48:18,009 [ERROR] LogOutputStream:74 - [STDERR_REDIRECT] 2020-10-14 21:48:18.008:INFO:oejs.session:Start Help Server: DefaultSessionIdManager workerName=node0
2020-10-14 21:48:18,012 [ERROR] LogOutputStream:74 - [STDERR_REDIRECT] 2020-10-14 21:48:18.009:INFO:oejs.session:Start Help Server: No SessionScavenger set, using defaults
2020-10-14 21:48:18,015 [ERROR] LogOutputStream:74 - [STDERR_REDIRECT] 2020-10-14 21:48:18.013:INFO:oejs.session:Start Help Server: node0 Scavenging every 600000ms
2020-10-14 21:48:18,057 [ERROR] LogOutputStream:74 - [STDERR_REDIRECT] 2020-10-14 21:48:18.056:INFO:oejs.session:Start Help Server: node0 Scavenging every 660000ms
2020-10-16 07:45:23,540 [ERROR] LogOutputStream:74 - [STDERR_REDIRECT] 2020-10-16 07:45:23.538:INFO:oejs.session:Stop Help Server: node0 Stopped scavenging
2020-10-16 08:45:43,811 [INFO] Activator:176 - 


2020-10-16 08:45:43,815 [INFO] Activator:177 - !SESSION log4j initialized
2020-10-16 11:27:04,392 [INFO] Activator:176 - 


2020-10-16 11:27:04,395 [INFO] Activator:177 - !SESSION log4j initialized
2020-10-17 11:14:21,042 [INFO] Activator:176 - 


2020-10-17 11:14:21,045 [INFO] Activator:177 - !SESSION log4j initialized
2020-10-30 09:09:35,987 [INFO] Activator:176 - 


2020-10-30 09:09:35,994 [INFO] Activator:177 - !SESSION log4j initialized
2020-10-31 01:25:03,774 [INFO] Activator:176 - 


2020-10-31 01:25:03,794 [INFO] Activator:177 - !SESSION log4j initialized
2020-11-06 09:54:51,137 [INFO] Activator:176 - 


2020-11-06 09:54:51,141 [INFO] Activator:177 - !SESSION log4j initialized
2020-11-12 08:20:14,226 [INFO] Activator:176 - 


2020-11-12 08:20:14,230 [INFO] Activator:177 - !SESSION log4j initialized
2020-11-12 10:29:32,563 [INFO] Activator:176 - 


2020-11-12 10:29:32,565 [INFO] Activator:177 - !SESSION log4j initialized
2020-11-12 10:33:29,254 [INFO] Activator:176 - 


2020-11-12 10:33:29,256 [INFO] Activator:177 - !SESSION log4j initialized
2020-11-14 20:28:50,306 [INFO] Activator:176 - 


2020-11-14 20:28:50,309 [INFO] Activator:177 - !SESSION log4j initialized
2020-11-16 09:52:53,934 [INFO] Activator:176 - 


2020-11-16 09:52:53,936 [INFO] Activator:177 - !SESSION log4j initialized
2020-11-16 10:33:34,694 [INFO] Activator:176 - 


2020-11-16 10:33:34,696 [INFO] Activator:177 - !SESSION log4j initialized
2020-11-19 10:58:08,259 [INFO] Activator:176 - 


2020-11-19 10:58:08,261 [INFO] Activator:177 - !SESSION log4j initialized
2020-11-20 06:24:40,088 [INFO] Activator:176 - 


2020-11-20 06:24:40,090 [INFO] Activator:177 - !SESSION log4j initialized
2020-11-26 13:25:29,501 [INFO] Activator:176 - 


2020-11-26 13:25:29,503 [INFO] Activator:177 - !SESSION log4j initialized
